17:58:53 **** Incremental Build of configuration Debug for project 4.assignment3 print pattern ****
Info: Internal Builder is used for build
gcc -O0 -g3 -Wall -c -fmessage-length=0 -o "src\\4.assignment3 print pattern.o" "..\\src\\4.assignment3 print pattern.c" 
..\src\4.assignment3 print pattern.c: In function 'main':
..\src\4.assignment3 print pattern.c:17:2: warning: format '%d' expects type 'int *', but argument 2 has type 'int'
..\src\4.assignment3 print pattern.c:19:3: warning: statement with no effect
..\src\4.assignment3 print pattern.c:19:20: error: expected ';' before ')' token
..\src\4.assignment3 print pattern.c:19:20: error: expected expression before ')' token
..\src\4.assignment3 print pattern.c:15:10: warning: unused variable 'j'

17:58:54 Build Failed. 2 errors, 3 warnings. (took 293ms)

